<?xml version="1.0" encoding="UTF-8"?>
<testng-results ignored="0" total="1" passed="1" failed="0" skipped="0">
  <reporter-output>
  </reporter-output>
  <suite started-at="2025-03-27T18:33:15 IST" name="Default suite" finished-at="2025-03-27T18:33:50 IST" duration-ms="35498">
    <groups>
    </groups>
    <test started-at="2025-03-27T18:33:15 IST" name="Default test" finished-at="2025-03-27T18:33:50 IST" duration-ms="35498">
      <class name="DilipLohani.Appium.eCommerce_TC4">
        <test-method is-config="true" signature="configureAppium()[pri:0, instance:DilipLohani.Appium.eCommerce_TC4@557caf28]" started-at="2025-03-27T18:33:15 IST" name="configureAppium" finished-at="2025-03-27T18:33:23 IST" duration-ms="8277" status="PASS">
          <reporter-output>
          </reporter-output>
        </test-method> <!-- configureAppium -->
        <test-method signature="FillForm()[pri:0, instance:DilipLohani.Appium.eCommerce_TC4@557caf28]" started-at="2025-03-27T18:33:23 IST" name="FillForm" finished-at="2025-03-27T18:33:50 IST" duration-ms="27161" status="PASS">
          <reporter-output>
          </reporter-output>
        </test-method> <!-- FillForm -->
        <test-method is-config="true" signature="tearDown()[pri:0, instance:DilipLohani.Appium.eCommerce_TC4@557caf28]" started-at="2025-03-27T18:33:50 IST" name="tearDown" finished-at="2025-03-27T18:33:50 IST" duration-ms="1" status="PASS">
          <reporter-output>
          </reporter-output>
        </test-method> <!-- tearDown -->
      </class> <!-- DilipLohani.Appium.eCommerce_TC4 -->
    </test> <!-- Default test -->
  </suite> <!-- Default suite -->
</testng-results>
